<?xml version="1.0" encoding="UTF-8"?>
<!-- Generated by org.testng.reporters.JUnitReportReporter -->
<testsuite hostname="TYSS-Shobha" failures="0" tests="1" name="AdvanceScenaiors.AutoSuggestionEx2" time="12.707" errors="0" timestamp="2024-04-30T20:56:37 IST" skipped="0">
  <testcase classname="AdvanceScenaiors.AutoSuggestionEx2" name="autoSuggestionEx2" time="12.707"/>
</testsuite> <!-- AdvanceScenaiors.AutoSuggestionEx2 -->
