<?xml version="1.0" encoding="UTF-8"?>
<!-- Generated by org.testng.reporters.JUnitReportReporter -->
<testsuite hostname="TYSS-Shobha" failures="0" tests="3" name="FrameWork.TestNGEx" time="0.012" errors="0" timestamp="2024-04-26T20:21:21 IST" skipped="0">
  <testcase classname="FrameWork.TestNGEx" name="createContact" time="0.008"/>
  <testcase classname="FrameWork.TestNGEx" name="modifyContact" time="0.002"/>
  <testcase classname="FrameWork.TestNGEx" name="deleteContact" time="0.002"/>
</testsuite> <!-- FrameWork.TestNGEx -->
