<?xml version="1.0" encoding="UTF-8"?>
<!-- Generated by org.testng.reporters.JUnitReportReporter -->
<testsuite hostname="TYSS-Shobha" failures="0" tests="1" name="FrameWork.TakeScreenShotEx" time="5.518" errors="0" timestamp="2024-05-02T20:19:24 IST" skipped="0">
  <testcase classname="FrameWork.TakeScreenShotEx" name="m1" time="5.518"/>
</testsuite> <!-- FrameWork.TakeScreenShotEx -->
